[2025/06/18 14:46:08] Р—Р°РїСЂРѕСЃ РїРµСЂРµРІРѕРґР° СЃ РєР°СЂС‚С‹ #1111111111111111 РЅР° РєР°СЂС‚Сѓ #2222222222222222
	РЎСѓРјРјР° РїРµСЂРµРІРѕРґР°: 555RUR;	РљРѕРјРёСЃСЃРёСЏ: 5.55RUR	РќРѕРјРµСЂ С‚СЂР°РЅР·Р°РєС†РёРё: 1
[2025/06/18 14:46:08] РўСЂР°РЅР·Р°РєС†РёСЏ #1 РїСЂРѕС€Р»Р° СѓСЃРїРµС€РЅРѕ.
[2025/06/18 14:46:40] Р—Р°РїСЂРѕСЃ РїРµСЂРµРІРѕРґР° СЃ РєР°СЂС‚С‹ #1111111111111111 РЅР° РєР°СЂС‚Сѓ #2222222222222222
	РЎСѓРјРјР° РїРµСЂРµРІРѕРґР°: 666RUR;	РљРѕРјРёСЃСЃРёСЏ: 6.66RUR	РќРѕРјРµСЂ С‚СЂР°РЅР·Р°РєС†РёРё: 2
[2025/06/18 14:46:40] РўСЂР°РЅР·Р°РєС†РёСЏ #2 РїСЂРѕС€Р»Р° СѓСЃРїРµС€РЅРѕ.
[2025/06/18 14:47:13] Р—Р°РїСЂРѕСЃ РїРµСЂРµРІРѕРґР° СЃ РєР°СЂС‚С‹ #1111111111111111 РЅР° РєР°СЂС‚Сѓ #3333333333333333
	РЎСѓРјРјР° РїРµСЂРµРІРѕРґР°: 777RUR;	РљРѕРјРёСЃСЃРёСЏ: 7.77RUR	РќРѕРјРµСЂ С‚СЂР°РЅР·Р°РєС†РёРё: 3
[2025/06/18 14:47:13] РўСЂР°РЅР·Р°РєС†РёСЏ #3 РїСЂРѕС€Р»Р° СѓСЃРїРµС€РЅРѕ.
[2025/06/18 15:57:08] Р—Р°РїСЂРѕСЃ РїРµСЂРµРІРѕРґР° СЃ РєР°СЂС‚С‹ #1111111111111111 РЅР° РєР°СЂС‚Сѓ #2222222222222222
	РЎСѓРјРјР° РїРµСЂРµРІРѕРґР°: 111RUR;	РљРѕРјРёСЃСЃРёСЏ: 1.11RUR	РќРѕРјРµСЂ С‚СЂР°РЅР·Р°РєС†РёРё: 1
[2025/06/18 15:57:08] РўСЂР°РЅР·Р°РєС†РёСЏ #1 РїСЂРѕС€Р»Р° СѓСЃРїРµС€РЅРѕ.
[2025/06/18 15:58:06] Р—Р°РїСЂРѕСЃ РїРµСЂРµРІРѕРґР° СЃ РєР°СЂС‚С‹ #1111111111111111 РЅР° РєР°СЂС‚Сѓ #2222222222222222
	РЎСѓРјРјР° РїРµСЂРµРІРѕРґР°: 222RUR;	РљРѕРјРёСЃСЃРёСЏ: 2.22RUR	РќРѕРјРµСЂ С‚СЂР°РЅР·Р°РєС†РёРё: 4
[2025/06/18 15:58:07] РўСЂР°РЅР·Р°РєС†РёСЏ #4 РїСЂРѕС€Р»Р° СѓСЃРїРµС€РЅРѕ.
[2025/06/18 16:00:35] Р—Р°РїСЂРѕСЃ РїРµСЂРµРІРѕРґР° СЃ РєР°СЂС‚С‹ #1111111111111111 РЅР° РєР°СЂС‚Сѓ #3333333333333333
	РЎСѓРјРјР° РїРµСЂРµРІРѕРґР°: 333RUR;	РљРѕРјРёСЃСЃРёСЏ: 3.33RUR	РќРѕРјРµСЂ С‚СЂР°РЅР·Р°РєС†РёРё: 1
[2025/06/18 16:00:35] РўСЂР°РЅР·Р°РєС†РёСЏ #1 РїСЂРѕС€Р»Р° СѓСЃРїРµС€РЅРѕ.
[2025/06/21 08:48:24] Р—Р°РїСЂРѕСЃ РїРµСЂРµРІРѕРґР° СЃ РєР°СЂС‚С‹ #1111111111111111 РЅР° РєР°СЂС‚Сѓ #2222222222222222
	РЎСѓРјРјР° РїРµСЂРµРІРѕРґР°: 100RUR;	РљРѕРјРёСЃСЃРёСЏ: 1RUR	РќРѕРјРµСЂ С‚СЂР°РЅР·Р°РєС†РёРё: 2
[2025/06/21 08:49:12] Р—Р°РїСЂРѕСЃ РїРµСЂРµРІРѕРґР° СЃ РєР°СЂС‚С‹ #1111111111111111 РЅР° РєР°СЂС‚Сѓ #2222222222222222
	РЎСѓРјРјР° РїРµСЂРµРІРѕРґР°: 100RUR;	РљРѕРјРёСЃСЃРёСЏ: 1RUR	РќРѕРјРµСЂ С‚СЂР°РЅР·Р°РєС†РёРё: 1
[2025/06/21 08:50:54] Р—Р°РїСЂРѕСЃ РїРµСЂРµРІРѕРґР° СЃ РєР°СЂС‚С‹ #1111111111111111 РЅР° РєР°СЂС‚Сѓ #2222222222222222
	РЎСѓРјРјР° РїРµСЂРµРІРѕРґР°: 100RUR;	РљРѕРјРёСЃСЃРёСЏ: 1RUR	РќРѕРјРµСЂ С‚СЂР°РЅР·Р°РєС†РёРё: 2
[2025/06/21 08:55:12] Р—Р°РїСЂРѕСЃ РїРµСЂРµРІРѕРґР° СЃ РєР°СЂС‚С‹ #1111111111111111 РЅР° РєР°СЂС‚Сѓ #2222222222222222
	РЎСѓРјРјР° РїРµСЂРµРІРѕРґР°: 100RUR;	РљРѕРјРёСЃСЃРёСЏ: 1RUR	РќРѕРјРµСЂ С‚СЂР°РЅР·Р°РєС†РёРё: 2
[2025/06/21 08:58:08] Р—Р°РїСЂРѕСЃ РїРµСЂРµРІРѕРґР° СЃ РєР°СЂС‚С‹ #1111111111111111 РЅР° РєР°СЂС‚Сѓ #2222222222222222
	РЎСѓРјРјР° РїРµСЂРµРІРѕРґР°: 100RUR;	РљРѕРјРёСЃСЃРёСЏ: 1RUR	РќРѕРјРµСЂ С‚СЂР°РЅР·Р°РєС†РёРё: 2
[2025/06/21 08:59:13] Р—Р°РїСЂРѕСЃ РїРµСЂРµРІРѕРґР° СЃ РєР°СЂС‚С‹ #1111111111111111 РЅР° РєР°СЂС‚Сѓ #2222222222222222
	РЎСѓРјРјР° РїРµСЂРµРІРѕРґР°: 100RUR;	РљРѕРјРёСЃСЃРёСЏ: 1RUR	РќРѕРјРµСЂ С‚СЂР°РЅР·Р°РєС†РёРё: 2
[2025/06/21 09:03:00] Р—Р°РїСЂРѕСЃ РїРµСЂРµРІРѕРґР° СЃ РєР°СЂС‚С‹ #1111111111111111 РЅР° РєР°СЂС‚Сѓ #2222222222222222
	РЎСѓРјРјР° РїРµСЂРµРІРѕРґР°: 100RUR;	РљРѕРјРёСЃСЃРёСЏ: 1RUR	РќРѕРјРµСЂ С‚СЂР°РЅР·Р°РєС†РёРё: 2
[2025/06/21 09:04:13] Р—Р°РїСЂРѕСЃ РїРµСЂРµРІРѕРґР° СЃ РєР°СЂС‚С‹ #1111111111111111 РЅР° РєР°СЂС‚Сѓ #2222222222222222
	РЎСѓРјРјР° РїРµСЂРµРІРѕРґР°: 100RUR;	РљРѕРјРёСЃСЃРёСЏ: 1RUR	РќРѕРјРµСЂ С‚СЂР°РЅР·Р°РєС†РёРё: 2
[2025/06/21 09:04:28] Р—Р°РїСЂРѕСЃ РїРµСЂРµРІРѕРґР° СЃ РєР°СЂС‚С‹ #1111111111111111 РЅР° РєР°СЂС‚Сѓ #2222222222222222
	РЎСѓРјРјР° РїРµСЂРµРІРѕРґР°: 100RUR;	РљРѕРјРёСЃСЃРёСЏ: 1RUR	РќРѕРјРµСЂ С‚СЂР°РЅР·Р°РєС†РёРё: 1
[2025/06/21 09:04:51] Р—Р°РїСЂРѕСЃ РїРµСЂРµРІРѕРґР° СЃ РєР°СЂС‚С‹ #1111111111111111 РЅР° РєР°СЂС‚Сѓ #2222222222222222
	РЎСѓРјРјР° РїРµСЂРµРІРѕРґР°: 100RUR;	РљРѕРјРёСЃСЃРёСЏ: 1RUR	РќРѕРјРµСЂ С‚СЂР°РЅР·Р°РєС†РёРё: 1
[2025/06/21 18:11:32] Запрос перевода с карты #1111111111111111 на карту #2222222222222222
	Сумма перевода: 100RUR;	Комиссия: 1RUR	Номер транзакции: 1
[2025/06/22 11:18:04] Р—Р°РїСЂРѕСЃ РїРµСЂРµРІРѕРґР° СЃ РєР°СЂС‚С‹ #1111111111111111 РЅР° РєР°СЂС‚Сѓ #2222222222222222
	РЎСѓРјРјР° РїРµСЂРµРІРѕРґР°: 22222RUR;	РљРѕРјРёСЃСЃРёСЏ: 222.22RUR	РќРѕРјРµСЂ С‚СЂР°РЅР·Р°РєС†РёРё: 5
[2025/06/22 11:18:12] РўСЂР°РЅР·Р°РєС†РёСЏ #5 РїСЂРѕС€Р»Р° СѓСЃРїРµС€РЅРѕ.
[2025/06/22 11:18:26] Р—Р°РїСЂРѕСЃ РїРµСЂРµРІРѕРґР° СЃ РєР°СЂС‚С‹ #1111111111111111 РЅР° РєР°СЂС‚Сѓ #2222222222222222
	РЎСѓРјРјР° РїРµСЂРµРІРѕРґР°: 333RUR;	РљРѕРјРёСЃСЃРёСЏ: 3.33RUR	РќРѕРјРµСЂ С‚СЂР°РЅР·Р°РєС†РёРё: 6
[2025/06/22 11:19:04] Р—Р°РїСЂРѕСЃ РїРµСЂРµРІРѕРґР° СЃ РєР°СЂС‚С‹ #1111111111111111 РЅР° РєР°СЂС‚Сѓ #2222222222222222
	РЎСѓРјРјР° РїРµСЂРµРІРѕРґР°: 333RUR;	РљРѕРјРёСЃСЃРёСЏ: 3.33RUR	РќРѕРјРµСЂ С‚СЂР°РЅР·Р°РєС†РёРё: 7
[2025/06/22 11:19:07] РўСЂР°РЅР·Р°РєС†РёСЏ #7 РїСЂРѕС€Р»Р° СѓСЃРїРµС€РЅРѕ.
[2025/06/22 11:21:06] Запрос перевода с карты #1111111111111111 на карту #2222222222222222
	Сумма перевода: 100RUR;	Комиссия: 1RUR	Номер транзакции: 1
